0 info it worked if it ends with ok
1 verbose cli [ 'C:\\Program Files\\nodejs\\node.exe',
1 verbose cli   'C:\\Program Files\\nodejs\\node_modules\\npm\\bin\\npm-cli.js',
1 verbose cli   'run',
1 verbose cli   'examples' ]
2 info using npm@3.10.10
3 info using node@v6.11.4
4 verbose run-script [ 'preexamples', 'examples', 'postexamples' ]
5 info lifecycle ag-grid-react-example@14.0.0~preexamples: ag-grid-react-example@14.0.0
6 silly lifecycle ag-grid-react-example@14.0.0~preexamples: no script for preexamples, continuing
7 info lifecycle ag-grid-react-example@14.0.0~examples: ag-grid-react-example@14.0.0
8 verbose lifecycle ag-grid-react-example@14.0.0~examples: unsafe-perm in lifecycle true
9 verbose lifecycle ag-grid-react-example@14.0.0~examples: PATH: C:\Program Files\nodejs\node_modules\npm\bin\node-gyp-bin;C:\Users\EdenZaharoni\Documents\GitHub\agGrid\node_modules\.bin;C:\Program Files (x86)\Google\Chrome\Application;C:\Windows\system32;C:\Windows;C:\Windows\System32\Wbem;C:\Windows\System32\WindowsPowerShell\v1.0\;C:\Users\EdenZaharoni\.dnx\bin;C:\Program Files\Microsoft DNX\Dnvm\;C:\Program Files\Microsoft SQL Server\130\Tools\Binn\;C:\Program Files (x86)\Microsoft SQL Server\130\Tools\Binn\;C:\Program Files (x86)\Microsoft SQL Server\130\DTS\Binn\;C:\Program Files\Microsoft SQL Server\130\DTS\Binn\;C:\Program Files\Microsoft SQL Server\Client SDK\ODBC\130\Tools\Binn\;C:\Program Files (x86)\Microsoft SQL Server\Client SDK\ODBC\130\Tools\Binn\;C:\Program Files (x86)\Microsoft SQL Server\140\Tools\Binn\;C:\Program Files (x86)\Microsoft SQL Server\140\DTS\Binn\;C:\Program Files (x86)\Microsoft SQL Server\140\Tools\Binn\ManagementStudio\;C:\Program Files\nodejs\;C:\Program Files\Microsoft\Web Platform Installer\;C:\TFS\Code\GlobalE\Web\node_modules\;C:\Users\EdenZaharoni\AppData\Local\Microsoft\WindowsApps;C:\Users\EdenZaharoni\AppData\Roaming\npm;C:\Program Files (x86)\Sophos\Sophos SSL VPN Client\bin;C:\Users\EdenZaharoni\AppData\Roaming\Dashlane\5.0.0.10636\bin\Firefox_Extension\{442718d9-475e-452a-b3e1-fb1ee16b8e9f}\components;C:\Users\EdenZaharoni\AppData\Roaming\Dashlane\5.0.0.10636\ucrt
10 verbose lifecycle ag-grid-react-example@14.0.0~examples: CWD: C:\Users\EdenZaharoni\Documents\GitHub\agGrid
11 silly lifecycle ag-grid-react-example@14.0.0~examples: Args: [ '/d /s /c',
11 silly lifecycle   'webpack-dev-server --content-base src/ --config webpack.config.examples.js --progress --colors --hot --inline' ]
12 verbose stack Error: kill ENOSYS
12 verbose stack     at Object.exports._errnoException (util.js:1020:11)
12 verbose stack     at process.kill (internal/process.js:191:18)
12 verbose stack     at process.listener (C:\Program Files\nodejs\node_modules\npm\node_modules\npmlog\node_modules\gauge\node_modules\signal-exit\index.js:86:15)
12 verbose stack     at emitNone (events.js:91:20)
12 verbose stack     at process.emit (events.js:185:7)
12 verbose stack     at processEmit (C:\Program Files\nodejs\node_modules\npm\node_modules\npmlog\node_modules\gauge\node_modules\signal-exit\index.js:146:32)
12 verbose stack     at processEmit (C:\Program Files\nodejs\node_modules\npm\node_modules\npm-registry-client\node_modules\npmlog\node_modules\gauge\node_modules\signal-exit\index.js:146:32)
12 verbose stack     at Signal.wrap.onsignal (internal/process.js:217:44)
13 verbose cwd C:\Users\EdenZaharoni\Documents\GitHub\agGrid
14 error Windows_NT 10.0.15063
15 error argv "C:\\Program Files\\nodejs\\node.exe" "C:\\Program Files\\nodejs\\node_modules\\npm\\bin\\npm-cli.js" "run" "examples"
16 error node v6.11.4
17 error npm  v3.10.10
18 error code ENOSYS
19 error errno ENOSYS
20 error syscall kill
21 error kill ENOSYS
22 error If you need help, you may report this error at:
22 error     <https://github.com/npm/npm/issues>
23 verbose exit [ 1, true ]
